<?xml version="1.0" encoding="UTF-8"?>
<testng-results ignored="0" total="1" passed="1" failed="0" skipped="0">
  <reporter-output>
  </reporter-output>
  <suite started-at="2024-01-13T15:00:43 IST" name="Default suite" finished-at="2024-01-13T15:01:00 IST" duration-ms="17047">
    <groups>
    </groups>
    <test started-at="2024-01-13T15:00:43 IST" name="Default test" finished-at="2024-01-13T15:01:00 IST" duration-ms="17047">
      <class name="TestLayer.RegisterPageTest">
        <test-method is-config="true" signature="setUp()[pri:0, instance:TestLayer.RegisterPageTest@6fdbe764]" started-at="2024-01-13T15:00:43 IST" name="setUp" finished-at="2024-01-13T15:00:51 IST" duration-ms="7440" status="PASS">
          <reporter-output>
          </reporter-output>
        </test-method> <!-- setUp -->
        <test-method signature="validateRegisterPageFunctionality()[pri:0, instance:TestLayer.RegisterPageTest@6fdbe764]" started-at="2024-01-13T15:00:51 IST" name="validateRegisterPageFunctionality" finished-at="2024-01-13T15:01:00 IST" duration-ms="9536" status="PASS">
          <reporter-output>
          </reporter-output>
        </test-method> <!-- validateRegisterPageFunctionality -->
        <test-method is-config="true" signature="tearDown()[pri:0, instance:TestLayer.RegisterPageTest@6fdbe764]" started-at="2024-01-13T15:01:00 IST" name="tearDown" finished-at="2024-01-13T15:01:00 IST" duration-ms="0" status="PASS">
          <reporter-output>
          </reporter-output>
        </test-method> <!-- tearDown -->
      </class> <!-- TestLayer.RegisterPageTest -->
    </test> <!-- Default test -->
  </suite> <!-- Default suite -->
</testng-results>
